mode: set
golang-mmi/internal/service/login.go:22.65,26.2 1 1
golang-mmi/internal/service/login.go:28.119,30.16 2 1
golang-mmi/internal/service/login.go:30.16,32.3 1 1
golang-mmi/internal/service/login.go:34.2,34.95 1 1
golang-mmi/internal/service/login.go:34.95,36.3 1 1
golang-mmi/internal/service/login.go:38.2,38.18 1 1
golang-mmi/internal/service/login.go:41.94,43.16 2 1
golang-mmi/internal/service/login.go:43.16,45.3 1 1
golang-mmi/internal/service/login.go:46.2,46.18 1 1
golang-mmi/internal/service/perjalanandinas.go:27.96,31.2 1 1
golang-mmi/internal/service/perjalanandinas.go:45.111,47.11 2 1
golang-mmi/internal/service/perjalanandinas.go:47.11,49.3 1 0
golang-mmi/internal/service/perjalanandinas.go:50.2,51.16 2 1
golang-mmi/internal/service/perjalanandinas.go:51.16,53.3 1 1
golang-mmi/internal/service/perjalanandinas.go:55.2,56.43 2 1
golang-mmi/internal/service/perjalanandinas.go:56.43,57.185 1 1
golang-mmi/internal/service/perjalanandinas.go:57.185,59.4 1 1
golang-mmi/internal/service/perjalanandinas.go:59.9,61.4 1 1
golang-mmi/internal/service/perjalanandinas.go:64.2,68.87 3 1
golang-mmi/internal/service/perjalanandinas.go:68.87,71.3 2 1
golang-mmi/internal/service/perjalanandinas.go:73.2,73.65 1 1
golang-mmi/internal/service/perjalanandinas.go:73.65,76.3 2 1
golang-mmi/internal/service/perjalanandinas.go:78.2,78.43 1 1
golang-mmi/internal/service/perjalanandinas.go:78.43,80.3 1 1
golang-mmi/internal/service/perjalanandinas.go:82.2,85.17 3 1
golang-mmi/internal/service/perjalanandinas.go:86.17,87.33 1 1
golang-mmi/internal/service/perjalanandinas.go:88.16,89.31 1 1
golang-mmi/internal/service/perjalanandinas.go:90.14,91.35 1 1
golang-mmi/internal/service/perjalanandinas.go:92.10,93.63 1 1
golang-mmi/internal/service/perjalanandinas.go:96.2,96.55 1 1
golang-mmi/internal/service/perjalanandinas.go:99.140,101.16 2 1
golang-mmi/internal/service/perjalanandinas.go:101.16,103.3 1 1
golang-mmi/internal/service/perjalanandinas.go:104.2,104.17 1 1
golang-mmi/internal/service/perjalanandinas.go:105.37,106.64 1 1
golang-mmi/internal/service/perjalanandinas.go:107.17,109.12 2 1
golang-mmi/internal/service/perjalanandinas.go:109.12,111.4 1 1
golang-mmi/internal/service/perjalanandinas.go:112.3,112.73 1 1
golang-mmi/internal/service/perjalanandinas.go:113.16,115.12 2 1
golang-mmi/internal/service/perjalanandinas.go:115.12,117.4 1 0
golang-mmi/internal/service/perjalanandinas.go:118.3,118.80 1 1
golang-mmi/internal/service/perjalanandinas.go:120.2,120.111 1 1
golang-mmi/internal/service/perjalanandinas.go:123.109,126.11 2 1
golang-mmi/internal/service/perjalanandinas.go:126.11,128.3 1 1
golang-mmi/internal/service/perjalanandinas.go:129.2,130.16 2 1
golang-mmi/internal/service/perjalanandinas.go:130.16,132.3 1 0
golang-mmi/internal/service/perjalanandinas.go:134.2,135.16 2 1
golang-mmi/internal/service/perjalanandinas.go:135.16,137.3 1 1
golang-mmi/internal/service/perjalanandinas.go:139.2,142.65 1 1
golang-mmi/internal/service/perjalanandinas.go:142.65,144.3 1 1
golang-mmi/internal/service/perjalanandinas.go:146.2,148.35 2 1
golang-mmi/internal/service/perjalanandinas.go:148.35,150.3 1 0
golang-mmi/internal/service/perjalanandinas.go:152.2,168.51 4 1
golang-mmi/internal/service/perjalanandinas.go:171.111,180.16 7 1
golang-mmi/internal/service/perjalanandinas.go:180.16,182.3 1 1
golang-mmi/internal/service/perjalanandinas.go:184.2,185.18 2 1
golang-mmi/internal/service/perjalanandinas.go:185.18,187.22 2 1
golang-mmi/internal/service/perjalanandinas.go:187.22,191.4 3 1
golang-mmi/internal/service/perjalanandinas.go:193.2,193.81 1 1
golang-mmi/internal/service/perjalanandinas.go:196.126,204.17 7 1
golang-mmi/internal/service/perjalanandinas.go:204.17,206.4 1 1
golang-mmi/internal/service/perjalanandinas.go:207.3,208.19 2 1
golang-mmi/internal/service/perjalanandinas.go:208.19,210.23 2 1
golang-mmi/internal/service/perjalanandinas.go:210.23,214.5 3 1
golang-mmi/internal/service/perjalanandinas.go:217.3,217.82 1 1
golang-mmi/internal/service/perjalanandinas.go:220.123,223.3 1 1
golang-mmi/internal/service/perjalanandinas.go:225.111,228.34 2 1
golang-mmi/internal/service/perjalanandinas.go:228.34,230.4 1 1
golang-mmi/internal/service/perjalanandinas.go:232.3,233.27 2 1
golang-mmi/internal/service/perjalanandinas.go:233.27,235.4 1 0
golang-mmi/internal/service/perjalanandinas.go:237.3,237.27 1 1
golang-mmi/internal/service/perjalanandinas.go:237.27,239.4 1 1
golang-mmi/internal/service/perjalanandinas.go:240.3,241.17 2 1
golang-mmi/internal/service/perjalanandinas.go:241.17,243.4 1 0
golang-mmi/internal/service/perjalanandinas.go:245.3,245.23 1 1
golang-mmi/internal/service/perjalanandinas.go:248.125,250.17 2 1
golang-mmi/internal/service/perjalanandinas.go:250.17,252.4 1 0
golang-mmi/internal/service/perjalanandinas.go:254.3,254.40 1 1
golang-mmi/internal/service/perjalanandinas.go:257.109,260.11 2 1
golang-mmi/internal/service/perjalanandinas.go:260.11,262.3 1 1
golang-mmi/internal/service/perjalanandinas.go:263.2,264.16 2 1
golang-mmi/internal/service/perjalanandinas.go:264.16,266.3 1 0
golang-mmi/internal/service/perjalanandinas.go:268.2,269.16 2 1
golang-mmi/internal/service/perjalanandinas.go:269.16,271.3 1 0
golang-mmi/internal/service/perjalanandinas.go:273.2,276.65 1 1
golang-mmi/internal/service/perjalanandinas.go:276.65,278.3 1 0
golang-mmi/internal/service/perjalanandinas.go:280.2,281.36 2 1
golang-mmi/internal/service/perjalanandinas.go:281.36,283.3 1 0
golang-mmi/internal/service/perjalanandinas.go:285.2,289.25 3 1
golang-mmi/internal/service/perjalanandinas.go:289.25,291.20 2 1
golang-mmi/internal/service/perjalanandinas.go:291.20,293.4 1 1
golang-mmi/internal/service/perjalanandinas.go:295.3,301.5 1 1
golang-mmi/internal/service/perjalanandinas.go:304.2,304.26 1 1
golang-mmi/internal/service/perjalanandinas.go:304.26,306.20 2 1
golang-mmi/internal/service/perjalanandinas.go:306.20,308.4 1 0
golang-mmi/internal/service/perjalanandinas.go:310.3,311.21 2 1
golang-mmi/internal/service/perjalanandinas.go:311.21,313.4 1 1
golang-mmi/internal/service/perjalanandinas.go:315.3,322.5 1 1
golang-mmi/internal/service/perjalanandinas.go:325.2,340.51 3 1
golang-mmi/internal/service/realisasibon.go:34.110,39.2 1 1
golang-mmi/internal/service/realisasibon.go:41.108,44.11 2 1
golang-mmi/internal/service/realisasibon.go:44.11,46.3 1 1
golang-mmi/internal/service/realisasibon.go:47.2,48.16 2 1
golang-mmi/internal/service/realisasibon.go:48.16,50.3 1 1
golang-mmi/internal/service/realisasibon.go:52.2,54.17 2 1
golang-mmi/internal/service/realisasibon.go:55.17,56.33 1 1
golang-mmi/internal/service/realisasibon.go:57.16,58.31 1 1
golang-mmi/internal/service/realisasibon.go:59.14,60.35 1 1
golang-mmi/internal/service/realisasibon.go:61.10,62.39 1 1
golang-mmi/internal/service/realisasibon.go:65.2,65.44 1 1
golang-mmi/internal/service/realisasibon.go:69.146,72.16 2 1
golang-mmi/internal/service/realisasibon.go:72.16,74.3 1 1
golang-mmi/internal/service/realisasibon.go:76.2,80.17 2 1
golang-mmi/internal/service/realisasibon.go:81.37,82.69 1 1
golang-mmi/internal/service/realisasibon.go:84.17,87.12 2 1
golang-mmi/internal/service/realisasibon.go:87.12,89.4 1 1
golang-mmi/internal/service/realisasibon.go:91.3,91.73 1 1
golang-mmi/internal/service/realisasibon.go:93.16,94.69 1 0
golang-mmi/internal/service/realisasibon.go:96.10,97.58 1 1
golang-mmi/internal/service/realisasibon.go:101.94,104.11 2 1
golang-mmi/internal/service/realisasibon.go:104.11,106.3 1 0
golang-mmi/internal/service/realisasibon.go:107.2,108.16 2 1
golang-mmi/internal/service/realisasibon.go:108.16,110.3 1 0
golang-mmi/internal/service/realisasibon.go:112.2,113.16 2 1
golang-mmi/internal/service/realisasibon.go:113.16,115.3 1 0
golang-mmi/internal/service/realisasibon.go:117.2,120.65 1 1
golang-mmi/internal/service/realisasibon.go:120.65,122.3 1 0
golang-mmi/internal/service/realisasibon.go:124.2,125.36 2 1
golang-mmi/internal/service/realisasibon.go:125.36,127.3 1 0
golang-mmi/internal/service/realisasibon.go:129.2,133.26 3 1
golang-mmi/internal/service/realisasibon.go:133.26,135.20 2 1
golang-mmi/internal/service/realisasibon.go:135.20,137.4 1 1
golang-mmi/internal/service/realisasibon.go:139.3,145.5 1 1
golang-mmi/internal/service/realisasibon.go:148.2,163.39 3 1
golang-mmi/internal/service/realisasibon.go:166.106,168.9 2 1
golang-mmi/internal/service/realisasibon.go:168.9,170.3 1 1
golang-mmi/internal/service/realisasibon.go:172.2,173.16 2 1
golang-mmi/internal/service/realisasibon.go:173.16,175.3 1 1
golang-mmi/internal/service/realisasibon.go:177.2,177.26 1 1
golang-mmi/internal/service/realisasibon.go:180.106,183.33 2 1
golang-mmi/internal/service/realisasibon.go:183.33,185.3 1 1
golang-mmi/internal/service/realisasibon.go:187.2,188.26 2 1
golang-mmi/internal/service/realisasibon.go:188.26,190.3 1 0
golang-mmi/internal/service/realisasibon.go:192.2,192.26 1 1
golang-mmi/internal/service/realisasibon.go:192.26,194.3 1 1
golang-mmi/internal/service/realisasibon.go:195.2,196.16 2 1
golang-mmi/internal/service/realisasibon.go:196.16,198.3 1 0
golang-mmi/internal/service/realisasibon.go:200.2,200.22 1 1
golang-mmi/internal/service/realisasibon.go:203.94,206.11 2 1
golang-mmi/internal/service/realisasibon.go:206.11,208.3 1 0
golang-mmi/internal/service/realisasibon.go:209.2,210.16 2 1
golang-mmi/internal/service/realisasibon.go:210.16,212.3 1 0
golang-mmi/internal/service/realisasibon.go:214.2,215.16 2 1
golang-mmi/internal/service/realisasibon.go:215.16,217.3 1 1
golang-mmi/internal/service/realisasibon.go:219.2,222.65 1 1
golang-mmi/internal/service/realisasibon.go:222.65,224.3 1 0
golang-mmi/internal/service/realisasibon.go:226.2,228.35 2 1
golang-mmi/internal/service/realisasibon.go:228.35,230.3 1 1
golang-mmi/internal/service/realisasibon.go:232.2,248.39 4 1
golang-mmi/internal/service/realisasibon.go:251.106,253.16 2 1
golang-mmi/internal/service/realisasibon.go:253.16,255.3 1 1
golang-mmi/internal/service/realisasibon.go:257.2,257.34 1 1
